============================= test session starts ==============================
platform darwin -- Python 3.14.0, pytest-9.0.2, pluggy-1.6.0
rootdir: /tmp/tb-test-hello-world-JOPfsc
plugins: anyio-4.13.0
collected 2 items

../../../tmp/tb-test-hello-world-JOPfsc/test_outputs.py ..               [100%]

==================================== PASSES ====================================
=========================== short test summary info ============================
PASSED ../../../tmp/tb-test-hello-world-JOPfsc/test_outputs.py::test_hello_file_exists
PASSED ../../../tmp/tb-test-hello-world-JOPfsc/test_outputs.py::test_hello_file_content
============================== 2 passed in 0.01s ===============================
