============================= test session starts ==============================
platform darwin -- Python 3.14.0, pytest-9.0.2, pluggy-1.6.0
rootdir: /tmp/tb-test-fix-permissions-5JtXqZ
plugins: anyio-4.13.0
collected 1 item

../../../tmp/tb-test-fix-permissions-5JtXqZ/test_outputs.py .            [100%]

==================================== PASSES ====================================
=========================== short test summary info ============================
PASSED ../../../tmp/tb-test-fix-permissions-5JtXqZ/test_outputs.py::test_script_permissions
============================== 1 passed in 0.01s ===============================
